<?xml version="1.0" encoding="UTF-8"?>
<!-- Generated by org.testng.reporters.JUnitXMLReporter -->
<testsuite ignored="0" hostname="WS-195" failures="0" tests="3" name="TestOnChrome" time="19.13" errors="0" timestamp="2019-12-03T13:22:57 BDT">
  <testcase classname="TestNG_Multiple_Browser.TestNGMultiBrowserDemo" name="test1" time="1.176"/>
  <testcase classname="TestNG_Multiple_Browser.TestNGMultiBrowserDemo" name="test1" time="4.461"/>
  <testcase classname="TestNG_Multiple_Browser.TestNGMultiBrowserDemo" name="test1" time="7.671"/>
</testsuite> <!-- TestOnChrome -->
