<?xml version="1.0" encoding="UTF-8"?>
<!-- Generated by org.testng.reporters.JUnitXMLReporter -->
<testsuite ignored="0" hostname="WS-195" failures="0" tests="3" name="Default test" time="28.308" errors="0" timestamp="2019-12-02T18:11:14 BDT">
  <testcase classname="ExcelSheet.ExcelDataProviderTest1" name="test1" time="7.567"/>
  <testcase classname="ExcelSheet.ExcelDataProviderTest1" name="test1" time="4.086"/>
  <testcase classname="ExcelSheet.ExcelDataProviderTest1" name="test1" time="3.811"/>
</testsuite> <!-- Default test -->
