<?xml version="1.0" encoding="UTF-8"?>
<!-- Generated by org.testng.reporters.JUnitXMLReporter -->
<testsuite ignored="0" hostname="WS-195" failures="0" tests="3" name="Default test" time="0.049" errors="0" timestamp="2019-12-03T12:58:13 BDT">
  <testcase classname="TestNG_Priority.TestNG_PriorityDemo" name="test3" time="0.008"/>
  <testcase classname="TestNG_Priority.TestNG_PriorityDemo" name="test1" time="0.002"/>
  <testcase classname="TestNG_Priority.TestNG_PriorityDemo" name="test2" time="0.002"/>
</testsuite> <!-- Default test -->
