<?xml version="1.0" encoding="UTF-8"?>
<testng-results ignored="0" total="1" passed="1" failed="0" skipped="0">
  <reporter-output>
  </reporter-output>
  <suite started-at="2019-12-06T17:49:39 BDT" name="Default suite" finished-at="2019-12-06T17:50:00 BDT" duration-ms="20587">
    <groups>
    </groups>
    <test started-at="2019-12-06T17:49:39 BDT" name="Default test" finished-at="2019-12-06T17:50:00 BDT" duration-ms="20587">
      <class name="KatalonRecorder.Test1">
        <test-method is-config="true" signature="setUp()[pri:0, instance:KatalonRecorder.Test1@3c9d0b9d]" started-at="2019-12-06T17:49:39 BDT" name="setUp" finished-at="2019-12-06T17:49:50 BDT" duration-ms="10595" status="PASS">
          <reporter-output>
          </reporter-output>
        </test-method> <!-- setUp -->
        <test-method signature="test1()[pri:0, instance:KatalonRecorder.Test1@3c9d0b9d]" started-at="2019-12-06T17:49:50 BDT" name="test1" finished-at="2019-12-06T17:49:59 BDT" duration-ms="8982" status="PASS">
          <reporter-output>
          </reporter-output>
        </test-method> <!-- test1 -->
        <test-method is-config="true" signature="tearDown()[pri:0, instance:KatalonRecorder.Test1@3c9d0b9d]" started-at="2019-12-06T17:49:59 BDT" name="tearDown" finished-at="2019-12-06T17:50:00 BDT" duration-ms="924" status="PASS">
          <reporter-output>
          </reporter-output>
        </test-method> <!-- tearDown -->
      </class> <!-- KatalonRecorder.Test1 -->
    </test> <!-- Default test -->
  </suite> <!-- Default suite -->
</testng-results>
